{"/home/laboratoriad301/Documentos/Track-Frond/SCL007-Social-Network/src/js/app.js": {"path":"/home/laboratoriad301/Documentos/Track-Frond/SCL007-Social-Network/src/js/app.js","statementMap":{"0":{"start":{"line":1,"column":29},"end":{"line":15,"column":1}},"1":{"start":{"line":3,"column":2},"end":{"line":14,"column":5}},"2":{"start":{"line":4,"column":4},"end":{"line":12,"column":5}},"3":{"start":{"line":5,"column":6},"end":{"line":11,"column":10}},"4":{"start":{"line":17,"column":43},"end":{"line":37,"column":1}},"5":{"start":{"line":19,"column":19},"end":{"line":27,"column":3}},"6":{"start":{"line":30,"column":19},"end":{"line":30,"column":70}},"7":{"start":{"line":33,"column":16},"end":{"line":33,"column":18}},"8":{"start":{"line":34,"column":2},"end":{"line":34,"column":45}},"9":{"start":{"line":35,"column":2},"end":{"line":35,"column":62}},"10":{"start":{"line":36,"column":2},"end":{"line":36,"column":51}},"11":{"start":{"line":39,"column":24},"end":{"line":45,"column":1}},"12":{"start":{"line":40,"column":16},"end":{"line":40,"column":48}},"13":{"start":{"line":41,"column":2},"end":{"line":44,"column":5}},"14":{"start":{"line":43,"column":4},"end":{"line":43,"column":25}},"15":{"start":{"line":47,"column":26},"end":{"line":56,"column":1}},"16":{"start":{"line":49,"column":15},"end":{"line":49,"column":55}},"17":{"start":{"line":50,"column":20},"end":{"line":50,"column":61}},"18":{"start":{"line":51,"column":2},"end":{"line":55,"column":4}},"19":{"start":{"line":52,"column":4},"end":{"line":52,"column":22}},"20":{"start":{"line":54,"column":4},"end":{"line":54,"column":50}},"21":{"start":{"line":58,"column":35},"end":{"line":76,"column":1}},"22":{"start":{"line":60,"column":21},"end":{"line":64,"column":3}},"23":{"start":{"line":67,"column":19},"end":{"line":67,"column":70}},"24":{"start":{"line":70,"column":16},"end":{"line":70,"column":18}},"25":{"start":{"line":71,"column":2},"end":{"line":71,"column":66}},"26":{"start":{"line":75,"column":2},"end":{"line":75,"column":51}},"27":{"start":{"line":78,"column":25},"end":{"line":84,"column":5}},"28":{"start":{"line":80,"column":1},"end":{"line":83,"column":10}},"29":{"start":{"line":87,"column":28},"end":{"line":118,"column":3}},"30":{"start":{"line":89,"column":6},"end":{"line":89,"column":57}},"31":{"start":{"line":90,"column":20},"end":{"line":90,"column":72}},"32":{"start":{"line":92,"column":6},"end":{"line":116,"column":9}},"33":{"start":{"line":94,"column":10},"end":{"line":94,"column":59}},"34":{"start":{"line":95,"column":29},"end":{"line":95,"column":64}},"35":{"start":{"line":96,"column":10},"end":{"line":96,"column":55}},"36":{"start":{"line":98,"column":10},"end":{"line":112,"column":17}},"37":{"start":{"line":104,"column":16},"end":{"line":110,"column":17}},"38":{"start":{"line":105,"column":18},"end":{"line":105,"column":66}},"39":{"start":{"line":108,"column":18},"end":{"line":108,"column":57}}},"fnMap":{"0":{"name":"(anonymous_0)","decl":{"start":{"line":1,"column":29},"end":{"line":1,"column":30}},"loc":{"start":{"line":1,"column":61},"end":{"line":15,"column":1}},"line":1},"1":{"name":"(anonymous_1)","decl":{"start":{"line":3,"column":54},"end":{"line":3,"column":55}},"loc":{"start":{"line":3,"column":73},"end":{"line":14,"column":3}},"line":3},"2":{"name":"(anonymous_2)","decl":{"start":{"line":17,"column":43},"end":{"line":17,"column":44}},"loc":{"start":{"line":17,"column":87},"end":{"line":37,"column":1}},"line":17},"3":{"name":"(anonymous_3)","decl":{"start":{"line":39,"column":24},"end":{"line":39,"column":25}},"loc":{"start":{"line":39,"column":42},"end":{"line":45,"column":1}},"line":39},"4":{"name":"(anonymous_4)","decl":{"start":{"line":41,"column":27},"end":{"line":41,"column":28}},"loc":{"start":{"line":41,"column":38},"end":{"line":44,"column":3}},"line":41},"5":{"name":"(anonymous_5)","decl":{"start":{"line":47,"column":26},"end":{"line":47,"column":27}},"loc":{"start":{"line":47,"column":42},"end":{"line":56,"column":1}},"line":47},"6":{"name":"(anonymous_6)","decl":{"start":{"line":51,"column":28},"end":{"line":51,"column":29}},"loc":{"start":{"line":51,"column":38},"end":{"line":53,"column":3}},"line":51},"7":{"name":"(anonymous_7)","decl":{"start":{"line":53,"column":11},"end":{"line":53,"column":12}},"loc":{"start":{"line":53,"column":26},"end":{"line":55,"column":3}},"line":53},"8":{"name":"(anonymous_8)","decl":{"start":{"line":58,"column":35},"end":{"line":58,"column":36}},"loc":{"start":{"line":58,"column":61},"end":{"line":76,"column":1}},"line":58},"9":{"name":"(anonymous_9)","decl":{"start":{"line":78,"column":25},"end":{"line":78,"column":26}},"loc":{"start":{"line":78,"column":42},"end":{"line":84,"column":5}},"line":78},"10":{"name":"(anonymous_10)","decl":{"start":{"line":87,"column":28},"end":{"line":87,"column":29}},"loc":{"start":{"line":87,"column":41},"end":{"line":118,"column":3}},"line":87},"11":{"name":"(anonymous_11)","decl":{"start":{"line":92,"column":48},"end":{"line":92,"column":49}},"loc":{"start":{"line":92,"column":66},"end":{"line":116,"column":7}},"line":92},"12":{"name":"(anonymous_12)","decl":{"start":{"line":103,"column":17},"end":{"line":103,"column":18}},"loc":{"start":{"line":103,"column":33},"end":{"line":112,"column":15}},"line":103}},"branchMap":{"0":{"loc":{"start":{"line":4,"column":4},"end":{"line":12,"column":5}},"type":"if","locations":[{"start":{"line":4,"column":4},"end":{"line":12,"column":5}},{"start":{"line":4,"column":4},"end":{"line":12,"column":5}}],"line":4},"1":{"loc":{"start":{"line":7,"column":24},"end":{"line":7,"column":80}},"type":"cond-expr","locations":[{"start":{"line":7,"column":40},"end":{"line":7,"column":44}},{"start":{"line":7,"column":47},"end":{"line":7,"column":80}}],"line":7},"2":{"loc":{"start":{"line":9,"column":31},"end":{"line":9,"column":67}},"type":"cond-expr","locations":[{"start":{"line":9,"column":51},"end":{"line":9,"column":59}},{"start":{"line":9,"column":62},"end":{"line":9,"column":67}}],"line":9},"3":{"loc":{"start":{"line":21,"column":12},"end":{"line":21,"column":76}},"type":"cond-expr","locations":[{"start":{"line":21,"column":32},"end":{"line":21,"column":40}},{"start":{"line":21,"column":43},"end":{"line":21,"column":76}}],"line":21},"4":{"loc":{"start":{"line":61,"column":12},"end":{"line":61,"column":72}},"type":"cond-expr","locations":[{"start":{"line":61,"column":30},"end":{"line":61,"column":36}},{"start":{"line":61,"column":39},"end":{"line":61,"column":72}}],"line":61},"5":{"loc":{"start":{"line":95,"column":29},"end":{"line":95,"column":64}},"type":"cond-expr","locations":[{"start":{"line":95,"column":46},"end":{"line":95,"column":60}},{"start":{"line":95,"column":63},"end":{"line":95,"column":64}}],"line":95},"6":{"loc":{"start":{"line":104,"column":16},"end":{"line":110,"column":17}},"type":"if","locations":[{"start":{"line":104,"column":16},"end":{"line":110,"column":17}},{"start":{"line":104,"column":16},"end":{"line":110,"column":17}}],"line":104}},"s":{"0":1,"1":0,"2":0,"3":0,"4":1,"5":0,"6":0,"7":0,"8":0,"9":0,"10":0,"11":1,"12":0,"13":0,"14":0,"15":1,"16":0,"17":0,"18":0,"19":0,"20":0,"21":1,"22":0,"23":0,"24":0,"25":0,"26":0,"27":1,"28":0,"29":1,"30":0,"31":0,"32":0,"33":0,"34":0,"35":0,"36":0,"37":0,"38":0,"39":0},"f":{"0":0,"1":0,"2":0,"3":0,"4":0,"5":0,"6":0,"7":0,"8":0,"9":0,"10":0,"11":0,"12":0},"b":{"0":[0,0],"1":[0,0],"2":[0,0],"3":[0,0],"4":[0,0],"5":[0,0],"6":[0,0]},"_coverageSchema":"43e27e138ebf9cfc5966b082cf9a028302ed4184","hash":"0f9841411a11a06f63556d27ca55278e68c2af65"}
}
