TN:
SF:/home/laboratoriad301/Documentos/Track-Frond/SCL007-Social-Network/src/js/app.js
FN:1,(anonymous_0)
FN:3,(anonymous_1)
FN:17,(anonymous_2)
FN:39,(anonymous_3)
FN:41,(anonymous_4)
FN:47,(anonymous_5)
FN:51,(anonymous_6)
FN:53,(anonymous_7)
FN:58,(anonymous_8)
FN:78,(anonymous_9)
FN:87,(anonymous_10)
FN:92,(anonymous_11)
FN:103,(anonymous_12)
FNF:13
FNH:0
FNDA:0,(anonymous_0)
FNDA:0,(anonymous_1)
FNDA:0,(anonymous_2)
FNDA:0,(anonymous_3)
FNDA:0,(anonymous_4)
FNDA:0,(anonymous_5)
FNDA:0,(anonymous_6)
FNDA:0,(anonymous_7)
FNDA:0,(anonymous_8)
FNDA:0,(anonymous_9)
FNDA:0,(anonymous_10)
FNDA:0,(anonymous_11)
FNDA:0,(anonymous_12)
DA:1,1
DA:3,0
DA:4,0
DA:5,0
DA:17,1
DA:19,0
DA:30,0
DA:33,0
DA:34,0
DA:35,0
DA:36,0
DA:39,1
DA:40,0
DA:41,0
DA:43,0
DA:47,1
DA:49,0
DA:50,0
DA:51,0
DA:52,0
DA:54,0
DA:58,1
DA:60,0
DA:67,0
DA:70,0
DA:71,0
DA:75,0
DA:78,1
DA:80,0
DA:87,1
DA:89,0
DA:90,0
DA:92,0
DA:94,0
DA:95,0
DA:96,0
DA:98,0
DA:104,0
DA:105,0
DA:108,0
LF:40
LH:7
BRDA:4,0,0,0
BRDA:4,0,1,0
BRDA:7,1,0,0
BRDA:7,1,1,0
BRDA:9,2,0,0
BRDA:9,2,1,0
BRDA:21,3,0,0
BRDA:21,3,1,0
BRDA:61,4,0,0
BRDA:61,4,1,0
BRDA:95,5,0,0
BRDA:95,5,1,0
BRDA:104,6,0,0
BRDA:104,6,1,0
BRF:14
BRH:0
end_of_record
